<?xml version="1.0" encoding="UTF-8"?>
<testsuite name="co.com.jccp.ealgorithms.NSGAIITest" tests="1" skipped="0" failures="0" errors="0" timestamp="2019-06-07T01:22:10" hostname="EC2AMAZ-6A50J51" time="1.99">
  <properties/>
  <testcase name="nsgaTest" classname="co.com.jccp.ealgorithms.NSGAIITest" time="1.99"/>
  <system-out><![CDATA[0.07068396843221252
0.9358057590757428
]]></system-out>
  <system-err><![CDATA[]]></system-err>
</testsuite>
